<?xml version="1.0" encoding="UTF-8"?>
<testng-results ignored="0" total="1" passed="1" failed="0" skipped="0">
  <reporter-output>
  </reporter-output>
  <suite started-at="2026-02-20T15:09:54 IST" name="Default suite" finished-at="2026-02-20T15:10:01 IST" duration-ms="7862">
    <groups>
    </groups>
    <test started-at="2026-02-20T15:09:54 IST" name="Default test" finished-at="2026-02-20T15:10:01 IST" duration-ms="7862">
      <class name="senarios.Dynamic_Page">
        <test-method signature="test()[pri:0, instance:senarios.Dynamic_Page@1fa121e2]" started-at="2026-02-20T15:09:54 IST" name="test" finished-at="2026-02-20T15:10:01 IST" duration-ms="7801" status="PASS">
          <reporter-output>
          </reporter-output>
        </test-method> <!-- test -->
      </class> <!-- senarios.Dynamic_Page -->
    </test> <!-- Default test -->
  </suite> <!-- Default suite -->
</testng-results>
